<?xml version="1.0" encoding="UTF-8"?>
<testsuite xmlns:xsi="http://www.w3.org/2001/XMLSchema-instance" xsi:noNamespaceSchemaLocation="https://maven.apache.org/surefire/maven-surefire-plugin/xsd/surefire-test-report.xsd" name="UserCreateTest" time="1.55" tests="5" errors="0" skipped="0" failures="0">
  <properties>
[...]
</properties>
  <testcase name="emptyFieldNameCheckOfUserCreation" classname="UserCreateTest" time="0.255"/>
  <testcase name="emptyFieldEmailCheckOfUserCreation" classname="UserCreateTest" time="0.253"/>
  <testcase name="successCreationOfUser" classname="UserCreateTest" time="0.368"/>
  <testcase name="duplicateCheckOfUserCreation" classname="UserCreateTest" time="0.466"/>
  <testcase name="emptyFieldPasswordCheckOfUserCreation" classname="UserCreateTest" time="0.202"/>
</testsuite>