<?xml version="1.0" encoding="UTF-8"?>
<testsuite xmlns:xsi="http://www.w3.org/2001/XMLSchema-instance" xsi:noNamespaceSchemaLocation="https://maven.apache.org/surefire/maven-surefire-plugin/xsd/surefire-test-report.xsd" name="UserAuthTest" time="0.837" tests="2" errors="0" skipped="0" failures="1">
  <properties>
[...]
</properties>
  <testcase name="successLogin" classname="UserAuthTest" time="0.296"/>
  <testcase name="failedLogin" classname="UserAuthTest" time="0.537">
    <failure message="1 expectation failed.&#10;Expected status code &lt;401&gt; but was &lt;200&gt;.&#10;" type="java.lang.AssertionError"><![CDATA[java.lang.AssertionError: 
1 expectation failed.
Expected status code <401> but was <200>.

	at UserAuthTest.failedLogin(UserAuthTest.java:29)
]]></failure>
    <system-out><![CDATA[Request method:	POST
Request URI:	https://stellarburgers.nomoreparties.site/api/auth/login
Proxy:			<none>
Request params:	<none>
Query params:	<none>
Form params:	<none>
Path params:	<none>
Headers:		Accept=*/*
				Content-Type=application/json
Cookies:		<none>
Multiparts:		<none>
Body:
{
    "email": "Rachele@ya.ru",
    "password": "Hesselpass",
    "name": "jesse.kub"
}
Request method:	POST
Request URI:	https://stellarburgers.nomoreparties.site/api/auth/login
Proxy:			<none>
Request params:	<none>
Query params:	<none>
Form params:	<none>
Path params:	<none>
Headers:		Accept=*/*
				Content-Type=application/json
Cookies:		<none>
Multiparts:		<none>
Body:
{
    "email": "Rachele@ya.ru",
    "password": "Hesselpass",
    "name": "jesse.kub"
}
Request method:	POST
Request URI:	https://stellarburgers.nomoreparties.site/api/auth/login
Proxy:			<none>
Request params:	<none>
Query params:	<none>
Form params:	<none>
Path params:	<none>
Headers:		Accept=*/*
				Content-Type=application/json
Cookies:		<none>
Multiparts:		<none>
Body:
{
    "email": "Rachele@ya.ru",
    "password": "Hesselpass",
    "name": "jesse.kub"
}
Request method:	POST
Request URI:	https://stellarburgers.nomoreparties.site/api/auth/login
Proxy:			<none>
Request params:	<none>
Query params:	<none>
Form params:	<none>
Path params:	<none>
Headers:		Accept=*/*
				Content-Type=application/json
Cookies:		<none>
Multiparts:		<none>
Body:
{
    "email": "Rachele@ya.ru",
    "password": "Hesselpass",
    "name": "jesse.kub"
}
Request method:	POST
Request URI:	https://stellarburgers.nomoreparties.site/api/auth/login
Proxy:			<none>
Request params:	<none>
Query params:	<none>
Form params:	<none>
Path params:	<none>
Headers:		Accept=*/*
				Content-Type=application/json
Cookies:		<none>
Multiparts:		<none>
Body:
{
    "email": "Rachele@ya.ru",
    "password": "Hesselpass",
    "name": "jesse.kub"
}
Request method:	POST
Request URI:	https://stellarburgers.nomoreparties.site/api/auth/login
Proxy:			<none>
Request params:	<none>
Query params:	<none>
Form params:	<none>
Path params:	<none>
Headers:		Accept=*/*
				Content-Type=application/json
Cookies:		<none>
Multiparts:		<none>
Body:
{
    "email": "Rachele@ya.ru",
    "password": "Hesselpass",
    "name": "jesse.kub"
}
Request method:	POST
Request URI:	https://stellarburgers.nomoreparties.site/api/auth/login
Proxy:			<none>
Request params:	<none>
Query params:	<none>
Form params:	<none>
Path params:	<none>
Headers:		Accept=*/*
				Content-Type=application/json
Cookies:		<none>
Multiparts:		<none>
Body:
{
    "email": "Rachele@ya.ru",
    "password": "Hesselpass",
    "name": "jesse.kub"
}
Request method:	POST
Request URI:	https://stellarburgers.nomoreparties.site/api/auth/login
Proxy:			<none>
Request params:	<none>
Query params:	<none>
Form params:	<none>
Path params:	<none>
Headers:		Accept=*/*
				Content-Type=application/json
Cookies:		<none>
Multiparts:		<none>
Body:
{
    "email": "Rachele@ya.ru",
    "password": "Hesselpass",
    "name": "jesse.kub"
}
Request method:	POST
Request URI:	https://stellarburgers.nomoreparties.site/api/auth/login
Proxy:			<none>
Request params:	<none>
Query params:	<none>
Form params:	<none>
Path params:	<none>
Headers:		Accept=*/*
				Content-Type=application/json
Cookies:		<none>
Multiparts:		<none>
Body:
{
    "email": "Rachele@ya.ru",
    "password": "Hesselpass",
    "name": "jesse.kub"
}
HTTP/1.1 200 OK
Date: Sun, 07 Jul 2024 20:11:02 GMT
Content-Type: application/json; charset=utf-8
Transfer-Encoding: chunked
Connection: keep-alive
X-Powered-By: Express
Access-Control-Allow-Origin: *
ETag: W/"169-V736bk6wUHutIJD/45HEv9Ihw1I"
CF-Cache-Status: DYNAMIC
Report-To: {"endpoints":[{"url":"https:\/\/a.nel.cloudflare.com\/report\/v4?s=8qqV1%2FEqorumtT1WDGOyLC0KvoFW5gVx5N2TuzG4k8dpQ7OQzDbTRg3i9AYjCBX3BZHFN4Bx2Wx5NvqatTfIdmR44RCRp9WVTeQGb71pCRDtbvH%2F1q53GJwOGyG%2FVDyYoTgYC%2B%2BHsYEbysW3s0lal%2FSHK5Y%3D"}],"group":"cf-nel","max_age":604800}
NEL: {"success_fraction":0,"report_to":"cf-nel","max_age":604800}
Server: cloudflare
CF-RAY: 89fa7b3d6971b4eb-OSL
Content-Encoding: gzip
alt-svc: h3=":443"; ma=86400

{
    "success": true,
    "accessToken": "Bearer eyJhbGciOiJIUzI1NiIsInR5cCI6IkpXVCJ9.eyJpZCI6IjY2OGFmNjU1OWVkMjgwMDAxYjQ2NWM3ZiIsImlhdCI6MTcyMDM4MzA2MiwiZXhwIjoxNzIwMzg0MjYyfQ.9kAOUnsTeY0RMiFmxlnssqeqpqxmhaVRn3FYbsE3maU",
    "refreshToken": "9a6773d3673aeaf21080e06c12cc9a9cd9d83ad32a1d55ae85ffb867966190c41b1a0c0771436618",
    "user": {
        "email": "rachele@ya.ru",
        "name": "jesse.kub"
    }
}
HTTP/1.1 200 OK
Date: Sun, 07 Jul 2024 20:11:02 GMT
Content-Type: application/json; charset=utf-8
Transfer-Encoding: chunked
Connection: keep-alive
X-Powered-By: Express
Access-Control-Allow-Origin: *
ETag: W/"169-V736bk6wUHutIJD/45HEv9Ihw1I"
CF-Cache-Status: DYNAMIC
Report-To: {"endpoints":[{"url":"https:\/\/a.nel.cloudflare.com\/report\/v4?s=8qqV1%2FEqorumtT1WDGOyLC0KvoFW5gVx5N2TuzG4k8dpQ7OQzDbTRg3i9AYjCBX3BZHFN4Bx2Wx5NvqatTfIdmR44RCRp9WVTeQGb71pCRDtbvH%2F1q53GJwOGyG%2FVDyYoTgYC%2B%2BHsYEbysW3s0lal%2FSHK5Y%3D"}],"group":"cf-nel","max_age":604800}
NEL: {"success_fraction":0,"report_to":"cf-nel","max_age":604800}
Server: cloudflare
CF-RAY: 89fa7b3d6971b4eb-OSL
Content-Encoding: gzip
alt-svc: h3=":443"; ma=86400

{
    "success": true,
    "accessToken": "Bearer eyJhbGciOiJIUzI1NiIsInR5cCI6IkpXVCJ9.eyJpZCI6IjY2OGFmNjU1OWVkMjgwMDAxYjQ2NWM3ZiIsImlhdCI6MTcyMDM4MzA2MiwiZXhwIjoxNzIwMzg0MjYyfQ.9kAOUnsTeY0RMiFmxlnssqeqpqxmhaVRn3FYbsE3maU",
    "refreshToken": "9a6773d3673aeaf21080e06c12cc9a9cd9d83ad32a1d55ae85ffb867966190c41b1a0c0771436618",
    "user": {
        "email": "rachele@ya.ru",
        "name": "jesse.kub"
    }
}
HTTP/1.1 200 OK
Date: Sun, 07 Jul 2024 20:11:02 GMT
Content-Type: application/json; charset=utf-8
Transfer-Encoding: chunked
Connection: keep-alive
X-Powered-By: Express
Access-Control-Allow-Origin: *
ETag: W/"169-V736bk6wUHutIJD/45HEv9Ihw1I"
CF-Cache-Status: DYNAMIC
Report-To: {"endpoints":[{"url":"https:\/\/a.nel.cloudflare.com\/report\/v4?s=8qqV1%2FEqorumtT1WDGOyLC0KvoFW5gVx5N2TuzG4k8dpQ7OQzDbTRg3i9AYjCBX3BZHFN4Bx2Wx5NvqatTfIdmR44RCRp9WVTeQGb71pCRDtbvH%2F1q53GJwOGyG%2FVDyYoTgYC%2B%2BHsYEbysW3s0lal%2FSHK5Y%3D"}],"group":"cf-nel","max_age":604800}
NEL: {"success_fraction":0,"report_to":"cf-nel","max_age":604800}
Server: cloudflare
CF-RAY: 89fa7b3d6971b4eb-OSL
Content-Encoding: gzip
alt-svc: h3=":443"; ma=86400

{
    "success": true,
    "accessToken": "Bearer eyJhbGciOiJIUzI1NiIsInR5cCI6IkpXVCJ9.eyJpZCI6IjY2OGFmNjU1OWVkMjgwMDAxYjQ2NWM3ZiIsImlhdCI6MTcyMDM4MzA2MiwiZXhwIjoxNzIwMzg0MjYyfQ.9kAOUnsTeY0RMiFmxlnssqeqpqxmhaVRn3FYbsE3maU",
    "refreshToken": "9a6773d3673aeaf21080e06c12cc9a9cd9d83ad32a1d55ae85ffb867966190c41b1a0c0771436618",
    "user": {
        "email": "rachele@ya.ru",
        "name": "jesse.kub"
    }
}
HTTP/1.1 200 OK
Date: Sun, 07 Jul 2024 20:11:02 GMT
Content-Type: application/json; charset=utf-8
Transfer-Encoding: chunked
Connection: keep-alive
X-Powered-By: Express
Access-Control-Allow-Origin: *
ETag: W/"169-V736bk6wUHutIJD/45HEv9Ihw1I"
CF-Cache-Status: DYNAMIC
Report-To: {"endpoints":[{"url":"https:\/\/a.nel.cloudflare.com\/report\/v4?s=8qqV1%2FEqorumtT1WDGOyLC0KvoFW5gVx5N2TuzG4k8dpQ7OQzDbTRg3i9AYjCBX3BZHFN4Bx2Wx5NvqatTfIdmR44RCRp9WVTeQGb71pCRDtbvH%2F1q53GJwOGyG%2FVDyYoTgYC%2B%2BHsYEbysW3s0lal%2FSHK5Y%3D"}],"group":"cf-nel","max_age":604800}
NEL: {"success_fraction":0,"report_to":"cf-nel","max_age":604800}
Server: cloudflare
CF-RAY: 89fa7b3d6971b4eb-OSL
Content-Encoding: gzip
alt-svc: h3=":443"; ma=86400

{
    "success": true,
    "accessToken": "Bearer eyJhbGciOiJIUzI1NiIsInR5cCI6IkpXVCJ9.eyJpZCI6IjY2OGFmNjU1OWVkMjgwMDAxYjQ2NWM3ZiIsImlhdCI6MTcyMDM4MzA2MiwiZXhwIjoxNzIwMzg0MjYyfQ.9kAOUnsTeY0RMiFmxlnssqeqpqxmhaVRn3FYbsE3maU",
    "refreshToken": "9a6773d3673aeaf21080e06c12cc9a9cd9d83ad32a1d55ae85ffb867966190c41b1a0c0771436618",
    "user": {
        "email": "rachele@ya.ru",
        "name": "jesse.kub"
    }
}
HTTP/1.1 200 OK
Date: Sun, 07 Jul 2024 20:11:02 GMT
Content-Type: application/json; charset=utf-8
Transfer-Encoding: chunked
Connection: keep-alive
X-Powered-By: Express
Access-Control-Allow-Origin: *
ETag: W/"169-V736bk6wUHutIJD/45HEv9Ihw1I"
CF-Cache-Status: DYNAMIC
Report-To: {"endpoints":[{"url":"https:\/\/a.nel.cloudflare.com\/report\/v4?s=8qqV1%2FEqorumtT1WDGOyLC0KvoFW5gVx5N2TuzG4k8dpQ7OQzDbTRg3i9AYjCBX3BZHFN4Bx2Wx5NvqatTfIdmR44RCRp9WVTeQGb71pCRDtbvH%2F1q53GJwOGyG%2FVDyYoTgYC%2B%2BHsYEbysW3s0lal%2FSHK5Y%3D"}],"group":"cf-nel","max_age":604800}
NEL: {"success_fraction":0,"report_to":"cf-nel","max_age":604800}
Server: cloudflare
CF-RAY: 89fa7b3d6971b4eb-OSL
Content-Encoding: gzip
alt-svc: h3=":443"; ma=86400

{
    "success": true,
    "accessToken": "Bearer eyJhbGciOiJIUzI1NiIsInR5cCI6IkpXVCJ9.eyJpZCI6IjY2OGFmNjU1OWVkMjgwMDAxYjQ2NWM3ZiIsImlhdCI6MTcyMDM4MzA2MiwiZXhwIjoxNzIwMzg0MjYyfQ.9kAOUnsTeY0RMiFmxlnssqeqpqxmhaVRn3FYbsE3maU",
    "refreshToken": "9a6773d3673aeaf21080e06c12cc9a9cd9d83ad32a1d55ae85ffb867966190c41b1a0c0771436618",
    "user": {
        "email": "rachele@ya.ru",
        "name": "jesse.kub"
    }
}
HTTP/1.1 200 OK
Date: Sun, 07 Jul 2024 20:11:02 GMT
Content-Type: application/json; charset=utf-8
Transfer-Encoding: chunked
Connection: keep-alive
X-Powered-By: Express
Access-Control-Allow-Origin: *
ETag: W/"169-V736bk6wUHutIJD/45HEv9Ihw1I"
CF-Cache-Status: DYNAMIC
Report-To: {"endpoints":[{"url":"https:\/\/a.nel.cloudflare.com\/report\/v4?s=8qqV1%2FEqorumtT1WDGOyLC0KvoFW5gVx5N2TuzG4k8dpQ7OQzDbTRg3i9AYjCBX3BZHFN4Bx2Wx5NvqatTfIdmR44RCRp9WVTeQGb71pCRDtbvH%2F1q53GJwOGyG%2FVDyYoTgYC%2B%2BHsYEbysW3s0lal%2FSHK5Y%3D"}],"group":"cf-nel","max_age":604800}
NEL: {"success_fraction":0,"report_to":"cf-nel","max_age":604800}
Server: cloudflare
CF-RAY: 89fa7b3d6971b4eb-OSL
Content-Encoding: gzip
alt-svc: h3=":443"; ma=86400

{
    "success": true,
    "accessToken": "Bearer eyJhbGciOiJIUzI1NiIsInR5cCI6IkpXVCJ9.eyJpZCI6IjY2OGFmNjU1OWVkMjgwMDAxYjQ2NWM3ZiIsImlhdCI6MTcyMDM4MzA2MiwiZXhwIjoxNzIwMzg0MjYyfQ.9kAOUnsTeY0RMiFmxlnssqeqpqxmhaVRn3FYbsE3maU",
    "refreshToken": "9a6773d3673aeaf21080e06c12cc9a9cd9d83ad32a1d55ae85ffb867966190c41b1a0c0771436618",
    "user": {
        "email": "rachele@ya.ru",
        "name": "jesse.kub"
    }
}
HTTP/1.1 200 OK
Date: Sun, 07 Jul 2024 20:11:02 GMT
Content-Type: application/json; charset=utf-8
Transfer-Encoding: chunked
Connection: keep-alive
X-Powered-By: Express
Access-Control-Allow-Origin: *
ETag: W/"169-V736bk6wUHutIJD/45HEv9Ihw1I"
CF-Cache-Status: DYNAMIC
Report-To: {"endpoints":[{"url":"https:\/\/a.nel.cloudflare.com\/report\/v4?s=8qqV1%2FEqorumtT1WDGOyLC0KvoFW5gVx5N2TuzG4k8dpQ7OQzDbTRg3i9AYjCBX3BZHFN4Bx2Wx5NvqatTfIdmR44RCRp9WVTeQGb71pCRDtbvH%2F1q53GJwOGyG%2FVDyYoTgYC%2B%2BHsYEbysW3s0lal%2FSHK5Y%3D"}],"group":"cf-nel","max_age":604800}
NEL: {"success_fraction":0,"report_to":"cf-nel","max_age":604800}
Server: cloudflare
CF-RAY: 89fa7b3d6971b4eb-OSL
Content-Encoding: gzip
alt-svc: h3=":443"; ma=86400

{
    "success": true,
    "accessToken": "Bearer eyJhbGciOiJIUzI1NiIsInR5cCI6IkpXVCJ9.eyJpZCI6IjY2OGFmNjU1OWVkMjgwMDAxYjQ2NWM3ZiIsImlhdCI6MTcyMDM4MzA2MiwiZXhwIjoxNzIwMzg0MjYyfQ.9kAOUnsTeY0RMiFmxlnssqeqpqxmhaVRn3FYbsE3maU",
    "refreshToken": "9a6773d3673aeaf21080e06c12cc9a9cd9d83ad32a1d55ae85ffb867966190c41b1a0c0771436618",
    "user": {
        "email": "rachele@ya.ru",
        "name": "jesse.kub"
    }
}
HTTP/1.1 200 OK
Date: Sun, 07 Jul 2024 20:11:02 GMT
Content-Type: application/json; charset=utf-8
Transfer-Encoding: chunked
Connection: keep-alive
X-Powered-By: Express
Access-Control-Allow-Origin: *
ETag: W/"169-V736bk6wUHutIJD/45HEv9Ihw1I"
CF-Cache-Status: DYNAMIC
Report-To: {"endpoints":[{"url":"https:\/\/a.nel.cloudflare.com\/report\/v4?s=8qqV1%2FEqorumtT1WDGOyLC0KvoFW5gVx5N2TuzG4k8dpQ7OQzDbTRg3i9AYjCBX3BZHFN4Bx2Wx5NvqatTfIdmR44RCRp9WVTeQGb71pCRDtbvH%2F1q53GJwOGyG%2FVDyYoTgYC%2B%2BHsYEbysW3s0lal%2FSHK5Y%3D"}],"group":"cf-nel","max_age":604800}
NEL: {"success_fraction":0,"report_to":"cf-nel","max_age":604800}
Server: cloudflare
CF-RAY: 89fa7b3d6971b4eb-OSL
Content-Encoding: gzip
alt-svc: h3=":443"; ma=86400

{
    "success": true,
    "accessToken": "Bearer eyJhbGciOiJIUzI1NiIsInR5cCI6IkpXVCJ9.eyJpZCI6IjY2OGFmNjU1OWVkMjgwMDAxYjQ2NWM3ZiIsImlhdCI6MTcyMDM4MzA2MiwiZXhwIjoxNzIwMzg0MjYyfQ.9kAOUnsTeY0RMiFmxlnssqeqpqxmhaVRn3FYbsE3maU",
    "refreshToken": "9a6773d3673aeaf21080e06c12cc9a9cd9d83ad32a1d55ae85ffb867966190c41b1a0c0771436618",
    "user": {
        "email": "rachele@ya.ru",
        "name": "jesse.kub"
    }
}
HTTP/1.1 200 OK
Date: Sun, 07 Jul 2024 20:11:02 GMT
Content-Type: application/json; charset=utf-8
Transfer-Encoding: chunked
Connection: keep-alive
X-Powered-By: Express
Access-Control-Allow-Origin: *
ETag: W/"169-V736bk6wUHutIJD/45HEv9Ihw1I"
CF-Cache-Status: DYNAMIC
Report-To: {"endpoints":[{"url":"https:\/\/a.nel.cloudflare.com\/report\/v4?s=8qqV1%2FEqorumtT1WDGOyLC0KvoFW5gVx5N2TuzG4k8dpQ7OQzDbTRg3i9AYjCBX3BZHFN4Bx2Wx5NvqatTfIdmR44RCRp9WVTeQGb71pCRDtbvH%2F1q53GJwOGyG%2FVDyYoTgYC%2B%2BHsYEbysW3s0lal%2FSHK5Y%3D"}],"group":"cf-nel","max_age":604800}
NEL: {"success_fraction":0,"report_to":"cf-nel","max_age":604800}
Server: cloudflare
CF-RAY: 89fa7b3d6971b4eb-OSL
Content-Encoding: gzip
alt-svc: h3=":443"; ma=86400

{
    "success": true,
    "accessToken": "Bearer eyJhbGciOiJIUzI1NiIsInR5cCI6IkpXVCJ9.eyJpZCI6IjY2OGFmNjU1OWVkMjgwMDAxYjQ2NWM3ZiIsImlhdCI6MTcyMDM4MzA2MiwiZXhwIjoxNzIwMzg0MjYyfQ.9kAOUnsTeY0RMiFmxlnssqeqpqxmhaVRn3FYbsE3maU",
    "refreshToken": "9a6773d3673aeaf21080e06c12cc9a9cd9d83ad32a1d55ae85ffb867966190c41b1a0c0771436618",
    "user": {
        "email": "rachele@ya.ru",
        "name": "jesse.kub"
    }
}
]]></system-out>
  </testcase>
</testsuite>