-------------------------------------------------------------------------------
Test set: UserAuthTest
-------------------------------------------------------------------------------
Tests run: 2, Failures: 1, Errors: 0, Skipped: 0, Time elapsed: 0.837 s <<< FAILURE! - in UserAuthTest
failedLogin(UserAuthTest)  Time elapsed: 0.537 s  <<< FAILURE!
java.lang.AssertionError: 
1 expectation failed.
Expected status code <401> but was <200>.

	at UserAuthTest.failedLogin(UserAuthTest.java:29)

